<?xml version="1.0" encoding="UTF-8"?>
<testsuite name="ETest" tests="3" skipped="0" failures="0" errors="0" timestamp="2018-09-26T03:38:10" hostname="MacBook-Pro-de-Haomin.local" time="0.001">
  <properties/>
  <testcase name="returnBinfo" classname="ETest" time="0.001"/>
  <testcase name="returnDinfo" classname="ETest" time="0.0"/>
  <testcase name="getInfoAboutClass" classname="ETest" time="0.0"/>
  <system-out><![CDATA[Override the function in class C
Override the function in class C
]]></system-out>
  <system-err><![CDATA[]]></system-err>
</testsuite>
