<?xml version="1.0" encoding="UTF-8"?>
<testsuite name="ImporvedStringTokenizerTest" tests="1" skipped="0" failures="0" errors="0" timestamp="2018-09-26T03:38:10" hostname="MacBook-Pro-de-Haomin.local" time="0.001">
  <properties/>
  <testcase name="toArray0" classname="ImporvedStringTokenizerTest" time="0.001"/>
  <system-out><![CDATA[]]></system-out>
  <system-err><![CDATA[]]></system-err>
</testsuite>
