<?xml version="1.0" encoding="UTF-8"?>
<testsuite name="DTest" tests="4" skipped="0" failures="0" errors="0" timestamp="2018-09-26T03:38:10" hostname="MacBook-Pro-de-Haomin.local" time="0.002">
  <properties/>
  <testcase name="setEditable" classname="DTest" time="0.001"/>
  <testcase name="instanceCounter" classname="DTest" time="0.0"/>
  <testcase name="getEditable" classname="DTest" time="0.001"/>
  <testcase name="getInfoAboutClass" classname="DTest" time="0.0"/>
  <system-out><![CDATA[Override the function in class B
Override the function in class B
]]></system-out>
  <system-err><![CDATA[]]></system-err>
</testsuite>
