<?xml version="1.0" encoding="UTF-8"?>
<testsuite name="BTest" tests="3" skipped="0" failures="0" errors="0" timestamp="2018-09-26T03:38:10" hostname="MacBook-Pro-de-Haomin.local" time="0.002">
  <properties/>
  <testcase name="setEditable" classname="BTest" time="0.002"/>
  <testcase name="getEditable" classname="BTest" time="0.0"/>
  <testcase name="getInfoAboutClass" classname="BTest" time="0.0"/>
  <system-out><![CDATA[]]></system-out>
  <system-err><![CDATA[]]></system-err>
</testsuite>
