<?xml version="1.0" encoding="UTF-8"?>
<testsuite name="ImprovedRandomTest" tests="5" skipped="0" failures="0" errors="0" timestamp="2018-09-26T03:38:10" hostname="MacBook-Pro-de-Haomin.local" time="0.004">
  <properties/>
  <testcase name="randIntInRange0" classname="ImprovedRandomTest" time="0.001"/>
  <testcase name="randIntInRange1" classname="ImprovedRandomTest" time="0.0"/>
  <testcase name="randIntInRange2" classname="ImprovedRandomTest" time="0.0"/>
  <testcase name="randIntInRange3" classname="ImprovedRandomTest" time="0.0"/>
  <testcase name="ImprovedRandom" classname="ImprovedRandomTest" time="0.002"/>
  <system-out><![CDATA[927152474
]]></system-out>
  <system-err><![CDATA[]]></system-err>
</testsuite>
